2026-03-04T19:46:24.052+05:30  INFO 30400 --- [demo] [main] c.e.demo.controller.AuthControllerTest   : Starting AuthControllerTest using Java 23 with PID 30400 (started by devip in C:\Users\devip\P2Revplay\backend)
2026-03-04T19:46:24.071+05:30 DEBUG 30400 --- [demo] [main] c.e.demo.controller.AuthControllerTest   : Running with Spring Boot v3.4.2, Spring v6.2.2
2026-03-04T19:46:24.076+05:30  INFO 30400 --- [demo] [main] c.e.demo.controller.AuthControllerTest   : No active profile set, falling back to 1 default profile: "default"
2026-03-04T19:46:29.988+05:30  INFO 30400 --- [demo] [main] o.s.v.b.OptionalValidatorFactoryBean     : Failed to set up a Bean Validation provider: jakarta.validation.NoProviderFoundException: Unable to create a Configuration, because no Jakarta Bean Validation provider could be found. Add a provider like Hibernate Validator (RI) to your classpath.
2026-03-04T19:46:31.003+05:30  WARN 30400 --- [demo] [main] r$InitializeUserDetailsManagerConfigurer : Found 2 UserDetailsService beans, with names [inMemoryUserDetailsManager, com.example.demo.security.CustomUserDetailsService#0]. Global Authentication Manager will not use a UserDetailsService for username/password login. Consider publishing a single UserDetailsService bean.
2026-03-04T19:46:31.459+05:30  WARN 30400 --- [demo] [main] .s.s.UserDetailsServiceAutoConfiguration : 

Using generated security password: 0b1c7f6b-77a2-4940-aadd-94c17ee09f60

This generated password is for development use only. Your security configuration must be updated before running your application in production.

2026-03-04T19:46:31.598+05:30  INFO 30400 --- [demo] [main] o.s.b.t.m.w.SpringBootMockServletContext : Initializing Spring TestDispatcherServlet ''
2026-03-04T19:46:31.598+05:30  INFO 30400 --- [demo] [main] o.s.t.web.servlet.TestDispatcherServlet  : Initializing Servlet ''
2026-03-04T19:46:31.603+05:30  INFO 30400 --- [demo] [main] o.s.t.web.servlet.TestDispatcherServlet  : Completed initialization in 3 ms
2026-03-04T19:46:31.669+05:30  INFO 30400 --- [demo] [main] c.e.demo.controller.AuthControllerTest   : Started AuthControllerTest in 8.643 seconds (process running for 10.977)
2026-03-04T19:46:32.577+05:30  INFO 30400 --- [demo] [main] t.c.s.AnnotationConfigContextLoaderUtils : Could not detect default configuration classes for test class [com.example.demo.controller.PlaylistControllerTest]: PlaylistControllerTest does not declare any static, non-private, non-final, nested classes annotated with @Configuration.
2026-03-04T19:46:32.636+05:30  INFO 30400 --- [demo] [main] .b.t.c.SpringBootTestContextBootstrapper : Found @SpringBootConfiguration com.example.demo.DemoApplication for test class com.example.demo.controller.PlaylistControllerTest
2026-03-04T19:46:32.788+05:30  INFO 30400 --- [demo] [main] c.e.d.controller.PlaylistControllerTest  : Starting PlaylistControllerTest using Java 23 with PID 30400 (started by devip in C:\Users\devip\P2Revplay\backend)
2026-03-04T19:46:32.789+05:30 DEBUG 30400 --- [demo] [main] c.e.d.controller.PlaylistControllerTest  : Running with Spring Boot v3.4.2, Spring v6.2.2
2026-03-04T19:46:32.790+05:30  INFO 30400 --- [demo] [main] c.e.d.controller.PlaylistControllerTest  : No active profile set, falling back to 1 default profile: "default"
2026-03-04T19:46:33.874+05:30  INFO 30400 --- [demo] [main] o.s.v.b.OptionalValidatorFactoryBean     : Failed to set up a Bean Validation provider: jakarta.validation.NoProviderFoundException: Unable to create a Configuration, because no Jakarta Bean Validation provider could be found. Add a provider like Hibernate Validator (RI) to your classpath.
2026-03-04T19:46:34.145+05:30  WARN 30400 --- [demo] [main] r$InitializeUserDetailsManagerConfigurer : Found 2 UserDetailsService beans, with names [inMemoryUserDetailsManager, com.example.demo.security.CustomUserDetailsService#0]. Global Authentication Manager will not use a UserDetailsService for username/password login. Consider publishing a single UserDetailsService bean.
2026-03-04T19:46:34.188+05:30  WARN 30400 --- [demo] [main] .s.s.UserDetailsServiceAutoConfiguration : 

Using generated security password: cc029fa7-16d9-47b8-b03e-77e3217a6066

This generated password is for development use only. Your security configuration must be updated before running your application in production.

2026-03-04T19:46:34.202+05:30  INFO 30400 --- [demo] [main] o.s.b.t.m.w.SpringBootMockServletContext : Initializing Spring TestDispatcherServlet ''
2026-03-04T19:46:34.202+05:30  INFO 30400 --- [demo] [main] o.s.t.web.servlet.TestDispatcherServlet  : Initializing Servlet ''
2026-03-04T19:46:34.203+05:30  INFO 30400 --- [demo] [main] o.s.t.web.servlet.TestDispatcherServlet  : Completed initialization in 0 ms
2026-03-04T19:46:34.220+05:30  INFO 30400 --- [demo] [main] c.e.d.controller.PlaylistControllerTest  : Started PlaylistControllerTest in 1.572 seconds (process running for 13.528)
2026-03-04T19:46:34.462+05:30  INFO 30400 --- [demo] [main] t.c.s.AnnotationConfigContextLoaderUtils : Could not detect default configuration classes for test class [com.example.demo.controller.SongControllerTest]: SongControllerTest does not declare any static, non-private, non-final, nested classes annotated with @Configuration.
2026-03-04T19:46:34.575+05:30  INFO 30400 --- [demo] [main] .b.t.c.SpringBootTestContextBootstrapper : Found @SpringBootConfiguration com.example.demo.DemoApplication for test class com.example.demo.controller.SongControllerTest
2026-03-04T19:46:34.760+05:30  INFO 30400 --- [demo] [main] c.e.demo.controller.SongControllerTest   : Starting SongControllerTest using Java 23 with PID 30400 (started by devip in C:\Users\devip\P2Revplay\backend)
2026-03-04T19:46:34.761+05:30 DEBUG 30400 --- [demo] [main] c.e.demo.controller.SongControllerTest   : Running with Spring Boot v3.4.2, Spring v6.2.2
2026-03-04T19:46:34.762+05:30  INFO 30400 --- [demo] [main] c.e.demo.controller.SongControllerTest   : No active profile set, falling back to 1 default profile: "default"
2026-03-04T19:46:36.988+05:30  INFO 30400 --- [demo] [main] o.s.v.b.OptionalValidatorFactoryBean     : Failed to set up a Bean Validation provider: jakarta.validation.NoProviderFoundException: Unable to create a Configuration, because no Jakarta Bean Validation provider could be found. Add a provider like Hibernate Validator (RI) to your classpath.
2026-03-04T19:46:37.372+05:30  WARN 30400 --- [demo] [main] r$InitializeUserDetailsManagerConfigurer : Found 2 UserDetailsService beans, with names [inMemoryUserDetailsManager, com.example.demo.security.CustomUserDetailsService#0]. Global Authentication Manager will not use a UserDetailsService for username/password login. Consider publishing a single UserDetailsService bean.
2026-03-04T19:46:37.447+05:30  WARN 30400 --- [demo] [main] .s.s.UserDetailsServiceAutoConfiguration : 

Using generated security password: 8abd1c49-3d4f-4100-9283-2412110f4228

This generated password is for development use only. Your security configuration must be updated before running your application in production.

2026-03-04T19:46:37.463+05:30  INFO 30400 --- [demo] [main] o.s.b.t.m.w.SpringBootMockServletContext : Initializing Spring TestDispatcherServlet ''
2026-03-04T19:46:37.463+05:30  INFO 30400 --- [demo] [main] o.s.t.web.servlet.TestDispatcherServlet  : Initializing Servlet ''
2026-03-04T19:46:37.465+05:30  INFO 30400 --- [demo] [main] o.s.t.web.servlet.TestDispatcherServlet  : Completed initialization in 1 ms
2026-03-04T19:46:37.489+05:30  INFO 30400 --- [demo] [main] c.e.demo.controller.SongControllerTest   : Started SongControllerTest in 2.893 seconds (process running for 16.797)
2026-03-04T19:46:37.732+05:30  INFO 30400 --- [demo] [main] t.c.s.AnnotationConfigContextLoaderUtils : Could not detect default configuration classes for test class [com.example.demo.DemoApplicationTests]: DemoApplicationTests does not declare any static, non-private, non-final, nested classes annotated with @Configuration.
2026-03-04T19:46:37.770+05:30  INFO 30400 --- [demo] [main] .b.t.c.SpringBootTestContextBootstrapper : Found @SpringBootConfiguration com.example.demo.DemoApplication for test class com.example.demo.DemoApplicationTests
2026-03-04T19:46:37.958+05:30  INFO 30400 --- [demo] [main] com.example.demo.DemoApplicationTests    : Starting DemoApplicationTests using Java 23 with PID 30400 (started by devip in C:\Users\devip\P2Revplay\backend)
2026-03-04T19:46:37.959+05:30 DEBUG 30400 --- [demo] [main] com.example.demo.DemoApplicationTests    : Running with Spring Boot v3.4.2, Spring v6.2.2
2026-03-04T19:46:37.960+05:30  INFO 30400 --- [demo] [main] com.example.demo.DemoApplicationTests    : No active profile set, falling back to 1 default profile: "default"
2026-03-04T19:46:39.851+05:30  INFO 30400 --- [demo] [main] .s.d.r.c.RepositoryConfigurationDelegate : Bootstrapping Spring Data JPA repositories in DEFAULT mode.
2026-03-04T19:46:40.042+05:30  INFO 30400 --- [demo] [main] .s.d.r.c.RepositoryConfigurationDelegate : Finished Spring Data repository scanning in 170 ms. Found 10 JPA repository interfaces.
2026-03-04T19:46:40.932+05:30  INFO 30400 --- [demo] [main] o.hibernate.jpa.internal.util.LogHelper  : HHH000204: Processing PersistenceUnitInfo [name: default]
2026-03-04T19:46:41.215+05:30  INFO 30400 --- [demo] [main] org.hibernate.Version                    : HHH000412: Hibernate ORM core version 6.6.5.Final
2026-03-04T19:46:41.338+05:30  INFO 30400 --- [demo] [main] o.h.c.internal.RegionFactoryInitiator    : HHH000026: Second-level cache disabled
2026-03-04T19:46:41.731+05:30  INFO 30400 --- [demo] [main] o.s.o.j.p.SpringPersistenceUnitInfo      : No LoadTimeWeaver setup: ignoring JPA class transformer
2026-03-04T19:46:41.843+05:30  INFO 30400 --- [demo] [main] com.zaxxer.hikari.HikariDataSource       : HikariPool-1 - Starting...
2026-03-04T19:46:42.583+05:30  INFO 30400 --- [demo] [main] com.zaxxer.hikari.pool.HikariPool        : HikariPool-1 - Added connection com.mysql.cj.jdbc.ConnectionImpl@6d9f624
2026-03-04T19:46:42.590+05:30  INFO 30400 --- [demo] [main] com.zaxxer.hikari.HikariDataSource       : HikariPool-1 - Start completed.
2026-03-04T19:46:42.789+05:30  WARN 30400 --- [demo] [main] org.hibernate.orm.deprecation            : HHH90000025: MySQLDialect does not need to be specified explicitly using 'hibernate.dialect' (remove the property setting and it will be selected by default)
2026-03-04T19:46:42.843+05:30  INFO 30400 --- [demo] [main] org.hibernate.orm.connections.pooling    : HHH10001005: Database info:
	Database JDBC URL [Connecting through datasource 'HikariDataSource (HikariPool-1)']
	Database driver: undefined/unknown
	Database version: 8.0.44
	Autocommit mode: undefined/unknown
	Isolation level: undefined/unknown
	Minimum pool size: undefined/unknown
	Maximum pool size: undefined/unknown
2026-03-04T19:46:45.141+05:30  INFO 30400 --- [demo] [main] o.h.e.t.j.p.i.JtaPlatformInitiator       : HHH000489: No JTA platform available (set 'hibernate.transaction.jta.platform' to enable JTA platform integration)
2026-03-04T19:46:45.619+05:30  INFO 30400 --- [demo] [main] j.LocalContainerEntityManagerFactoryBean : Initialized JPA EntityManagerFactory for persistence unit 'default'
2026-03-04T19:46:46.384+05:30  INFO 30400 --- [demo] [main] o.s.d.j.r.query.QueryEnhancerFactory     : Hibernate is in classpath; If applicable, HQL parser will be used.
2026-03-04T19:46:49.402+05:30  INFO 30400 --- [demo] [main] r$InitializeUserDetailsManagerConfigurer : Global AuthenticationManager configured with UserDetailsService bean with name customUserDetailsService
2026-03-04T19:46:49.787+05:30  WARN 30400 --- [demo] [main] JpaBaseConfiguration$JpaWebConfiguration : spring.jpa.open-in-view is enabled by default. Therefore, database queries may be performed during view rendering. Explicitly configure spring.jpa.open-in-view to disable this warning
2026-03-04T19:46:50.323+05:30  INFO 30400 --- [demo] [main] o.s.v.b.OptionalValidatorFactoryBean     : Failed to set up a Bean Validation provider: jakarta.validation.NoProviderFoundException: Unable to create a Configuration, because no Jakarta Bean Validation provider could be found. Add a provider like Hibernate Validator (RI) to your classpath.
2026-03-04T19:46:50.723+05:30  INFO 30400 --- [demo] [main] com.example.demo.DemoApplicationTests    : Started DemoApplicationTests in 12.938 seconds (process running for 30.031)
2026-03-04T19:46:51.388+05:30  INFO 30400 --- [demo] [main] com.example.demo.service.AuthService     : Attempting registration: duplicate@test.com
2026-03-04T19:46:51.426+05:30  INFO 30400 --- [demo] [main] com.example.demo.service.AuthService     : Attempting registration: test@test.com
2026-03-04T19:46:51.427+05:30  INFO 30400 --- [demo] [main] com.example.demo.service.AuthService     : User registered successfully: test@test.com
2026-03-04T19:46:51.442+05:30 DEBUG 30400 --- [demo] [main] com.example.demo.service.AuthService     : Login attempt for: test@test.com
2026-03-04T19:46:51.448+05:30  INFO 30400 --- [demo] [main] com.example.demo.service.AuthService     : Login successful for: test@test.com
2026-03-04T19:46:52.265+05:30  INFO 30400 --- [demo] [SpringApplicationShutdownHook] j.LocalContainerEntityManagerFactoryBean : Closing JPA EntityManagerFactory for persistence unit 'default'
2026-03-04T19:46:52.274+05:30  INFO 30400 --- [demo] [SpringApplicationShutdownHook] com.zaxxer.hikari.HikariDataSource       : HikariPool-1 - Shutdown initiated...
2026-03-04T19:46:52.292+05:30  INFO 30400 --- [demo] [SpringApplicationShutdownHook] com.zaxxer.hikari.HikariDataSource       : HikariPool-1 - Shutdown completed.
